<?xml version="1.0" encoding="utf-8"?><testsuites><testsuite name="pytest" errors="0" failures="0" skipped="5" tests="12" time="2.006" timestamp="2022-07-07T15:32:37.289939" hostname="OLI-OMEN"><testcase classname="bumpversion" name="FLAKE8" time="0.081" /><testcase classname="src.pyconverters_newsml.__init__" name="FLAKE8" time="0.033" /><testcase classname="src.pyconverters_newsml.newsml" name="FLAKE8" time="0.119" /><testcase classname="tests.test_newsml" name="FLAKE8" time="0.154" /><testcase classname="tests.test_newsml" name="test_newsml_text" time="0.934" /><testcase classname="tests.test_newsml" name="test_newsml_pics" time="0.008" /><testcase classname="tests.test_newsml" name="test_newsml_agenda" time="0.011" /><testcase classname="tests.test_newsml" name="test_consolidate_cats" time="0.000"><skipped type="pytest.skip" message="Not a test">/home/olivier/dev/kairntech/pyconverters_newsml/tests/test_newsml.py:233: Not a test</skipped></testcase><testcase classname="tests.test_newsml" name="test_downsampling_cats" time="0.000"><skipped type="pytest.skip" message="Not a test">/home/olivier/dev/kairntech/pyconverters_newsml/tests/test_newsml.py:272: Not a test</skipped></testcase><testcase classname="tests.test_newsml" name="test_downsampling_kw" time="0.000"><skipped type="pytest.skip" message="Not a test">/home/olivier/dev/kairntech/pyconverters_newsml/tests/test_newsml.py:292: Not a test</skipped></testcase><testcase classname="tests.test_newsml" name="test_downsampling_pandemic" time="0.000"><skipped type="pytest.skip" message="Not a test">/home/olivier/dev/kairntech/pyconverters_newsml/tests/test_newsml.py:370: Not a test</skipped></testcase><testcase classname="tests.test_newsml" name="test_compute_fingerprint" time="0.000"><skipped type="pytest.skip" message="Not a test">/home/olivier/dev/kairntech/pyconverters_newsml/tests/test_newsml.py:443: Not a test</skipped></testcase></testsuite></testsuites>